<?xml version="1.0" encoding="UTF-8"?>
<coverage generated="1732512918021" clover="3.2.0">
  <project timestamp="1732512918021" name="All files">
    <metrics statements="87" coveredstatements="74" conditionals="22" coveredconditionals="13" methods="11" coveredmethods="10" elements="120" coveredelements="97" complexity="0" loc="87" ncloc="87" packages="4" files="5" classes="5"/>
    <package name="PatientCareNode">
      <metrics statements="16" coveredstatements="15" conditionals="4" coveredconditionals="2" methods="3" coveredmethods="2"/>
      <file name="index.js" path="C:\Users\boude\OneDrive\Desktop\Online class File\PatientCareNode\index.js">
        <metrics statements="16" coveredstatements="15" conditionals="4" coveredconditionals="2" methods="3" coveredmethods="2"/>
        <line num="11" count="1" type="stmt"/>
        <line num="14" count="1" type="stmt"/>
        <line num="17" count="1" type="stmt"/>
        <line num="18" count="1" type="stmt"/>
        <line num="21" count="1" type="stmt"/>
        <line num="35" count="1" type="stmt"/>
        <line num="41" count="1" type="stmt"/>
        <line num="44" count="1" type="stmt"/>
        <line num="48" count="1" type="stmt"/>
        <line num="51" count="1" type="cond" truecount="1" falsecount="1"/>
        <line num="52" count="1" type="stmt"/>
        <line num="55" count="1" type="stmt"/>
        <line num="57" count="1" type="stmt"/>
        <line num="58" count="1" type="stmt"/>
        <line num="59" count="1" type="stmt"/>
        <line num="63" count="0" type="stmt"/>
      </file>
    </package>
    <package name="PatientCareNode.controller">
      <metrics statements="61" coveredstatements="49" conditionals="18" coveredconditionals="11" methods="8" coveredmethods="8"/>
      <file name="patientController.js" path="C:\Users\boude\OneDrive\Desktop\Online class File\PatientCareNode\controller\patientController.js">
        <metrics statements="61" coveredstatements="49" conditionals="18" coveredconditionals="11" methods="8" coveredmethods="8"/>
        <line num="5" count="2" type="stmt"/>
        <line num="6" count="5" type="stmt"/>
        <line num="7" count="5" type="stmt"/>
        <line num="8" count="5" type="stmt"/>
        <line num="9" count="5" type="stmt"/>
        <line num="11" count="0" type="stmt"/>
        <line num="16" count="2" type="stmt"/>
        <line num="17" count="2" type="stmt"/>
        <line num="18" count="2" type="stmt"/>
        <line num="19" count="2" type="stmt"/>
        <line num="21" count="0" type="stmt"/>
        <line num="26" count="2" type="stmt"/>
        <line num="27" count="2" type="stmt"/>
        <line num="28" count="2" type="stmt"/>
        <line num="29" count="2" type="cond" truecount="1" falsecount="1"/>
        <line num="30" count="2" type="stmt"/>
        <line num="32" count="0" type="stmt"/>
        <line num="37" count="2" type="stmt"/>
        <line num="38" count="3" type="stmt"/>
        <line num="39" count="3" type="stmt"/>
        <line num="44" count="2" type="stmt"/>
        <line num="47" count="2" type="stmt"/>
        <line num="49" count="2" type="stmt"/>
        <line num="51" count="1" type="stmt"/>
        <line num="56" count="2" type="stmt"/>
        <line num="57" count="2" type="stmt"/>
        <line num="58" count="2" type="stmt"/>
        <line num="59" count="2" type="stmt"/>
        <line num="61" count="0" type="stmt"/>
        <line num="66" count="2" type="stmt"/>
        <line num="67" count="1" type="stmt"/>
        <line num="68" count="1" type="stmt"/>
        <line num="69" count="1" type="cond" truecount="1" falsecount="1"/>
        <line num="71" count="1" type="stmt"/>
        <line num="73" count="1" type="stmt"/>
        <line num="78" count="1" type="stmt"/>
        <line num="80" count="0" type="stmt"/>
        <line num="85" count="2" type="stmt"/>
        <line num="86" count="1" type="stmt"/>
        <line num="87" count="1" type="stmt"/>
        <line num="88" count="1" type="stmt"/>
        <line num="90" count="0" type="stmt"/>
        <line num="95" count="2" type="stmt"/>
        <line num="96" count="2" type="stmt"/>
        <line num="98" count="2" type="cond" truecount="1" falsecount="1"/>
        <line num="99" count="2" type="stmt"/>
        <line num="100" count="2" type="stmt"/>
        <line num="103" count="2" type="cond" truecount="2" falsecount="2"/>
        <line num="105" count="1" type="stmt"/>
        <line num="106" count="1" type="cond" truecount="4" falsecount="0"/>
        <line num="107" count="1" type="stmt"/>
        <line num="109" count="1" type="stmt"/>
        <line num="110" count="1" type="cond" truecount="2" falsecount="0"/>
        <line num="111" count="1" type="stmt"/>
        <line num="113" count="0" type="stmt"/>
        <line num="114" count="0" type="stmt"/>
        <line num="115" count="0" type="stmt"/>
        <line num="117" count="0" type="stmt"/>
        <line num="118" count="0" type="cond" truecount="0" falsecount="2"/>
        <line num="119" count="0" type="stmt"/>
        <line num="123" count="2" type="stmt"/>
      </file>
    </package>
    <package name="PatientCareNode.model">
      <metrics statements="2" coveredstatements="2" conditionals="0" coveredconditionals="0" methods="0" coveredmethods="0"/>
      <file name="patientModel.js" path="C:\Users\boude\OneDrive\Desktop\Online class File\PatientCareNode\model\patientModel.js">
        <metrics statements="1" coveredstatements="1" conditionals="0" coveredconditionals="0" methods="0" coveredmethods="0"/>
        <line num="4" count="2" type="stmt"/>
      </file>
      <file name="testsModel.js" path="C:\Users\boude\OneDrive\Desktop\Online class File\PatientCareNode\model\testsModel.js">
        <metrics statements="1" coveredstatements="1" conditionals="0" coveredconditionals="0" methods="0" coveredmethods="0"/>
        <line num="4" count="2" type="stmt"/>
      </file>
    </package>
    <package name="PatientCareNode.routes">
      <metrics statements="8" coveredstatements="8" conditionals="0" coveredconditionals="0" methods="0" coveredmethods="0"/>
      <file name="patientRoutes.js" path="C:\Users\boude\OneDrive\Desktop\Online class File\PatientCareNode\routes\patientRoutes.js">
        <metrics statements="8" coveredstatements="8" conditionals="0" coveredconditionals="0" methods="0" coveredmethods="0"/>
        <line num="12" count="1" type="stmt"/>
        <line num="93" count="1" type="stmt"/>
        <line num="111" count="1" type="stmt"/>
        <line num="129" count="1" type="stmt"/>
        <line num="154" count="1" type="stmt"/>
        <line num="187" count="1" type="stmt"/>
        <line num="214" count="1" type="stmt"/>
        <line num="246" count="1" type="stmt"/>
      </file>
    </package>
  </project>
</coverage>
