{"C:\\Users\\boude\\OneDrive\\Desktop\\Online class File\\PatientCareNode\\index.js": {"path":"C:\\Users\\boude\\OneDrive\\Desktop\\Online class File\\PatientCareNode\\index.js","statementMap":{"0":{"start":{"line":11,"column":0},"end":{"line":11,"column":16}},"1":{"start":{"line":14,"column":12},"end":{"line":14,"column":21}},"2":{"start":{"line":17,"column":0},"end":{"line":17,"column":27}},"3":{"start":{"line":18,"column":0},"end":{"line":18,"column":16}},"4":{"start":{"line":21,"column":26},"end":{"line":33,"column":1}},"5":{"start":{"line":35,"column":16},"end":{"line":38,"column":1}},"6":{"start":{"line":41,"column":20},"end":{"line":41,"column":41}},"7":{"start":{"line":44,"column":0},"end":{"line":44,"column":68}},"8":{"start":{"line":48,"column":0},"end":{"line":48,"column":24}},"9":{"start":{"line":51,"column":13},"end":{"line":51,"column":37}},"10":{"start":{"line":52,"column":18},"end":{"line":52,"column":39}},"11":{"start":{"line":55,"column":0},"end":{"line":64,"column":7}},"12":{"start":{"line":57,"column":8},"end":{"line":57,"column":54}},"13":{"start":{"line":58,"column":8},"end":{"line":60,"column":11}},"14":{"start":{"line":59,"column":12},"end":{"line":59,"column":61}},"15":{"start":{"line":63,"column":8},"end":{"line":63,"column":68}}},"fnMap":{"0":{"name":"(anonymous_0)","decl":{"start":{"line":56,"column":10},"end":{"line":56,"column":11}},"loc":{"start":{"line":56,"column":16},"end":{"line":61,"column":5}},"line":56},"1":{"name":"(anonymous_1)","decl":{"start":{"line":58,"column":25},"end":{"line":58,"column":26}},"loc":{"start":{"line":58,"column":31},"end":{"line":60,"column":9}},"line":58},"2":{"name":"(anonymous_2)","decl":{"start":{"line":62,"column":11},"end":{"line":62,"column":12}},"loc":{"start":{"line":62,"column":22},"end":{"line":64,"column":5}},"line":62}},"branchMap":{"0":{"loc":{"start":{"line":30,"column":37},"end":{"line":30,"column":61}},"type":"binary-expr","locations":[{"start":{"line":30,"column":37},"end":{"line":30,"column":53}},{"start":{"line":30,"column":57},"end":{"line":30,"column":61}}],"line":30},"1":{"loc":{"start":{"line":51,"column":13},"end":{"line":51,"column":37}},"type":"binary-expr","locations":[{"start":{"line":51,"column":13},"end":{"line":51,"column":29}},{"start":{"line":51,"column":33},"end":{"line":51,"column":37}}],"line":51}},"s":{"0":1,"1":1,"2":1,"3":1,"4":1,"5":1,"6":1,"7":1,"8":1,"9":1,"10":1,"11":1,"12":1,"13":1,"14":1,"15":0},"f":{"0":1,"1":1,"2":0},"b":{"0":[1,0],"1":[1,0]},"_coverageSchema":"1a1c01bbd47fc00a2c39e90264f33305004495a9","hash":"2a39293b2d32b814f1d0da3bbffab71e8134304f"}
,"C:\\Users\\boude\\OneDrive\\Desktop\\Online class File\\PatientCareNode\\controller\\patientController.js": {"path":"C:\\Users\\boude\\OneDrive\\Desktop\\Online class File\\PatientCareNode\\controller\\patientController.js","statementMap":{"0":{"start":{"line":5,"column":19},"end":{"line":13,"column":1}},"1":{"start":{"line":6,"column":2},"end":{"line":12,"column":3}},"2":{"start":{"line":7,"column":20},"end":{"line":7,"column":41}},"3":{"start":{"line":8,"column":4},"end":{"line":8,"column":25}},"4":{"start":{"line":9,"column":4},"end":{"line":9,"column":34}},"5":{"start":{"line":11,"column":4},"end":{"line":11,"column":51}},"6":{"start":{"line":16,"column":23},"end":{"line":23,"column":1}},"7":{"start":{"line":17,"column":2},"end":{"line":22,"column":3}},"8":{"start":{"line":18,"column":21},"end":{"line":18,"column":41}},"9":{"start":{"line":19,"column":4},"end":{"line":19,"column":23}},"10":{"start":{"line":21,"column":4},"end":{"line":21,"column":51}},"11":{"start":{"line":26,"column":23},"end":{"line":34,"column":1}},"12":{"start":{"line":27,"column":2},"end":{"line":33,"column":3}},"13":{"start":{"line":28,"column":20},"end":{"line":28,"column":57}},"14":{"start":{"line":29,"column":4},"end":{"line":29,"column":80}},"15":{"start":{"line":29,"column":18},"end":{"line":29,"column":80}},"16":{"start":{"line":30,"column":4},"end":{"line":30,"column":22}},"17":{"start":{"line":32,"column":4},"end":{"line":32,"column":51}},"18":{"start":{"line":37,"column":26},"end":{"line":53,"column":1}},"19":{"start":{"line":38,"column":2},"end":{"line":52,"column":3}},"20":{"start":{"line":39,"column":17},"end":{"line":43,"column":6}},"21":{"start":{"line":44,"column":4},"end":{"line":44,"column":22}},"22":{"start":{"line":47,"column":4},"end":{"line":47,"column":56}},"23":{"start":{"line":49,"column":4},"end":{"line":49,"column":31}},"24":{"start":{"line":51,"column":4},"end":{"line":51,"column":51}},"25":{"start":{"line":56,"column":27},"end":{"line":63,"column":1}},"26":{"start":{"line":57,"column":2},"end":{"line":62,"column":3}},"27":{"start":{"line":58,"column":18},"end":{"line":58,"column":82}},"28":{"start":{"line":59,"column":4},"end":{"line":59,"column":20}},"29":{"start":{"line":61,"column":4},"end":{"line":61,"column":51}},"30":{"start":{"line":66,"column":26},"end":{"line":82,"column":1}},"31":{"start":{"line":67,"column":2},"end":{"line":81,"column":3}},"32":{"start":{"line":68,"column":20},"end":{"line":68,"column":57}},"33":{"start":{"line":69,"column":4},"end":{"line":69,"column":80}},"34":{"start":{"line":69,"column":18},"end":{"line":69,"column":80}},"35":{"start":{"line":71,"column":18},"end":{"line":71,"column":82}},"36":{"start":{"line":73,"column":20},"end":{"line":76,"column":5}},"37":{"start":{"line":78,"column":4},"end":{"line":78,"column":22}},"38":{"start":{"line":80,"column":4},"end":{"line":80,"column":51}},"39":{"start":{"line":85,"column":28},"end":{"line":92,"column":1}},"40":{"start":{"line":86,"column":2},"end":{"line":91,"column":3}},"41":{"start":{"line":87,"column":29},"end":{"line":87,"column":76}},"42":{"start":{"line":88,"column":4},"end":{"line":88,"column":31}},"43":{"start":{"line":90,"column":4},"end":{"line":90,"column":51}},"44":{"start":{"line":95,"column":39},"end":{"line":125,"column":1}},"45":{"start":{"line":96,"column":22},"end":{"line":96,"column":91}},"46":{"start":{"line":98,"column":2},"end":{"line":124,"column":3}},"47":{"start":{"line":99,"column":23},"end":{"line":99,"column":37}},"48":{"start":{"line":100,"column":21},"end":{"line":100,"column":26}},"49":{"start":{"line":103,"column":4},"end":{"line":120,"column":5}},"50":{"start":{"line":105,"column":38},"end":{"line":105,"column":77}},"51":{"start":{"line":106,"column":8},"end":{"line":106,"column":90}},"52":{"start":{"line":107,"column":8},"end":{"line":107,"column":14}},"53":{"start":{"line":109,"column":21},"end":{"line":109,"column":45}},"54":{"start":{"line":110,"column":8},"end":{"line":110,"column":44}},"55":{"start":{"line":111,"column":8},"end":{"line":111,"column":14}},"56":{"start":{"line":113,"column":28},"end":{"line":113,"column":52}},"57":{"start":{"line":114,"column":8},"end":{"line":114,"column":38}},"58":{"start":{"line":115,"column":8},"end":{"line":115,"column":14}},"59":{"start":{"line":117,"column":26},"end":{"line":117,"column":50}},"60":{"start":{"line":118,"column":8},"end":{"line":118,"column":55}},"61":{"start":{"line":119,"column":8},"end":{"line":119,"column":14}},"62":{"start":{"line":123,"column":4},"end":{"line":123,"column":82}}},"fnMap":{"0":{"name":"(anonymous_0)","decl":{"start":{"line":5,"column":19},"end":{"line":5,"column":20}},"loc":{"start":{"line":5,"column":39},"end":{"line":13,"column":1}},"line":5},"1":{"name":"(anonymous_1)","decl":{"start":{"line":16,"column":23},"end":{"line":16,"column":24}},"loc":{"start":{"line":16,"column":43},"end":{"line":23,"column":1}},"line":16},"2":{"name":"(anonymous_2)","decl":{"start":{"line":26,"column":23},"end":{"line":26,"column":24}},"loc":{"start":{"line":26,"column":43},"end":{"line":34,"column":1}},"line":26},"3":{"name":"(anonymous_3)","decl":{"start":{"line":37,"column":26},"end":{"line":37,"column":27}},"loc":{"start":{"line":37,"column":46},"end":{"line":53,"column":1}},"line":37},"4":{"name":"(anonymous_4)","decl":{"start":{"line":56,"column":27},"end":{"line":56,"column":28}},"loc":{"start":{"line":56,"column":47},"end":{"line":63,"column":1}},"line":56},"5":{"name":"(anonymous_5)","decl":{"start":{"line":66,"column":26},"end":{"line":66,"column":27}},"loc":{"start":{"line":66,"column":46},"end":{"line":82,"column":1}},"line":66},"6":{"name":"(anonymous_6)","decl":{"start":{"line":85,"column":28},"end":{"line":85,"column":29}},"loc":{"start":{"line":85,"column":48},"end":{"line":92,"column":1}},"line":85},"7":{"name":"(anonymous_7)","decl":{"start":{"line":95,"column":39},"end":{"line":95,"column":40}},"loc":{"start":{"line":95,"column":60},"end":{"line":125,"column":1}},"line":95}},"branchMap":{"0":{"loc":{"start":{"line":29,"column":4},"end":{"line":29,"column":80}},"type":"if","locations":[{"start":{"line":29,"column":4},"end":{"line":29,"column":80}},{"start":{},"end":{}}],"line":29},"1":{"loc":{"start":{"line":69,"column":4},"end":{"line":69,"column":80}},"type":"if","locations":[{"start":{"line":69,"column":4},"end":{"line":69,"column":80}},{"start":{},"end":{}}],"line":69},"2":{"loc":{"start":{"line":98,"column":2},"end":{"line":124,"column":3}},"type":"if","locations":[{"start":{"line":98,"column":2},"end":{"line":124,"column":3}},{"start":{},"end":{}}],"line":98},"3":{"loc":{"start":{"line":103,"column":4},"end":{"line":120,"column":5}},"type":"switch","locations":[{"start":{"line":104,"column":6},"end":{"line":107,"column":14}},{"start":{"line":108,"column":6},"end":{"line":111,"column":14}},{"start":{"line":112,"column":6},"end":{"line":115,"column":14}},{"start":{"line":116,"column":6},"end":{"line":119,"column":14}}],"line":103},"4":{"loc":{"start":{"line":106,"column":21},"end":{"line":106,"column":89}},"type":"binary-expr","locations":[{"start":{"line":106,"column":21},"end":{"line":106,"column":35}},{"start":{"line":106,"column":39},"end":{"line":106,"column":52}},{"start":{"line":106,"column":56},"end":{"line":106,"column":71}},{"start":{"line":106,"column":75},"end":{"line":106,"column":89}}],"line":106},"5":{"loc":{"start":{"line":110,"column":21},"end":{"line":110,"column":43}},"type":"binary-expr","locations":[{"start":{"line":110,"column":21},"end":{"line":110,"column":30}},{"start":{"line":110,"column":34},"end":{"line":110,"column":43}}],"line":110},"6":{"loc":{"start":{"line":118,"column":21},"end":{"line":118,"column":54}},"type":"binary-expr","locations":[{"start":{"line":118,"column":21},"end":{"line":118,"column":36}},{"start":{"line":118,"column":40},"end":{"line":118,"column":54}}],"line":118}},"s":{"0":2,"1":5,"2":5,"3":5,"4":5,"5":0,"6":2,"7":2,"8":2,"9":2,"10":0,"11":2,"12":2,"13":2,"14":2,"15":0,"16":2,"17":0,"18":2,"19":3,"20":3,"21":2,"22":2,"23":2,"24":1,"25":2,"26":2,"27":2,"28":2,"29":0,"30":2,"31":1,"32":1,"33":1,"34":0,"35":1,"36":1,"37":1,"38":0,"39":2,"40":1,"41":1,"42":1,"43":0,"44":2,"45":2,"46":2,"47":2,"48":2,"49":2,"50":1,"51":1,"52":1,"53":1,"54":1,"55":1,"56":0,"57":0,"58":0,"59":0,"60":0,"61":0,"62":2},"f":{"0":5,"1":2,"2":2,"3":3,"4":2,"5":1,"6":1,"7":2},"b":{"0":[0,2],"1":[0,1],"2":[2,0],"3":[1,1,0,0],"4":[1,1,1,1],"5":[1,1],"6":[0,0]},"_coverageSchema":"1a1c01bbd47fc00a2c39e90264f33305004495a9","hash":"a9219de007b522e9d6268166c367a0c96c1f13de"}
,"C:\\Users\\boude\\OneDrive\\Desktop\\Online class File\\PatientCareNode\\model\\patientModel.js": {"path":"C:\\Users\\boude\\OneDrive\\Desktop\\Online class File\\PatientCareNode\\model\\patientModel.js","statementMap":{"0":{"start":{"line":4,"column":22},"end":{"line":14,"column":2}}},"fnMap":{},"branchMap":{},"s":{"0":2},"f":{},"b":{},"_coverageSchema":"1a1c01bbd47fc00a2c39e90264f33305004495a9","hash":"5c64fb4e21266158f6de0a1a6f18d6bee1ff7abf"}
,"C:\\Users\\boude\\OneDrive\\Desktop\\Online class File\\PatientCareNode\\model\\testsModel.js": {"path":"C:\\Users\\boude\\OneDrive\\Desktop\\Online class File\\PatientCareNode\\model\\testsModel.js","statementMap":{"0":{"start":{"line":4,"column":19},"end":{"line":20,"column":2}}},"fnMap":{},"branchMap":{},"s":{"0":2},"f":{},"b":{},"_coverageSchema":"1a1c01bbd47fc00a2c39e90264f33305004495a9","hash":"72e01a3a818d6b296cdc61ec7d380c8333e89f19"}
,"C:\\Users\\boude\\OneDrive\\Desktop\\Online class File\\PatientCareNode\\routes\\patientRoutes.js": {"path":"C:\\Users\\boude\\OneDrive\\Desktop\\Online class File\\PatientCareNode\\routes\\patientRoutes.js","statementMap":{"0":{"start":{"line":12,"column":15},"end":{"line":12,"column":31}},"1":{"start":{"line":93,"column":0},"end":{"line":93,"column":37}},"2":{"start":{"line":111,"column":0},"end":{"line":111,"column":40}},"3":{"start":{"line":129,"column":0},"end":{"line":129,"column":54}},"4":{"start":{"line":154,"column":0},"end":{"line":154,"column":44}},"5":{"start":{"line":187,"column":0},"end":{"line":187,"column":54}},"6":{"start":{"line":214,"column":0},"end":{"line":214,"column":54}},"7":{"start":{"line":246,"column":0},"end":{"line":246,"column":55}}},"fnMap":{},"branchMap":{},"s":{"0":1,"1":1,"2":1,"3":1,"4":1,"5":1,"6":1,"7":1},"f":{},"b":{},"_coverageSchema":"1a1c01bbd47fc00a2c39e90264f33305004495a9","hash":"0f68f07341f2b1671add9c35f36f1627d4dd62da"}
}
