{"/Users/hari/Documents/Mobile_App_Dev/WebTech/PatientCareNode/index.js": {"path":"/Users/hari/Documents/Mobile_App_Dev/WebTech/PatientCareNode/index.js","statementMap":{"0":{"start":{"line":11,"column":0},"end":{"line":11,"column":16}},"1":{"start":{"line":14,"column":12},"end":{"line":14,"column":21}},"2":{"start":{"line":17,"column":0},"end":{"line":17,"column":27}},"3":{"start":{"line":18,"column":0},"end":{"line":18,"column":16}},"4":{"start":{"line":21,"column":26},"end":{"line":33,"column":1}},"5":{"start":{"line":35,"column":16},"end":{"line":38,"column":1}},"6":{"start":{"line":41,"column":20},"end":{"line":41,"column":41}},"7":{"start":{"line":44,"column":0},"end":{"line":44,"column":68}},"8":{"start":{"line":48,"column":0},"end":{"line":48,"column":24}},"9":{"start":{"line":51,"column":13},"end":{"line":51,"column":37}},"10":{"start":{"line":52,"column":18},"end":{"line":52,"column":39}},"11":{"start":{"line":55,"column":0},"end":{"line":64,"column":7}},"12":{"start":{"line":57,"column":8},"end":{"line":57,"column":54}},"13":{"start":{"line":58,"column":8},"end":{"line":60,"column":11}},"14":{"start":{"line":59,"column":12},"end":{"line":59,"column":61}},"15":{"start":{"line":63,"column":8},"end":{"line":63,"column":68}}},"fnMap":{"0":{"name":"(anonymous_0)","decl":{"start":{"line":56,"column":10},"end":{"line":56,"column":11}},"loc":{"start":{"line":56,"column":16},"end":{"line":61,"column":5}},"line":56},"1":{"name":"(anonymous_1)","decl":{"start":{"line":58,"column":25},"end":{"line":58,"column":26}},"loc":{"start":{"line":58,"column":31},"end":{"line":60,"column":9}},"line":58},"2":{"name":"(anonymous_2)","decl":{"start":{"line":62,"column":11},"end":{"line":62,"column":12}},"loc":{"start":{"line":62,"column":22},"end":{"line":64,"column":5}},"line":62}},"branchMap":{"0":{"loc":{"start":{"line":30,"column":37},"end":{"line":30,"column":61}},"type":"binary-expr","locations":[{"start":{"line":30,"column":37},"end":{"line":30,"column":53}},{"start":{"line":30,"column":57},"end":{"line":30,"column":61}}],"line":30},"1":{"loc":{"start":{"line":51,"column":13},"end":{"line":51,"column":37}},"type":"binary-expr","locations":[{"start":{"line":51,"column":13},"end":{"line":51,"column":29}},{"start":{"line":51,"column":33},"end":{"line":51,"column":37}}],"line":51}},"s":{"0":1,"1":1,"2":1,"3":1,"4":1,"5":1,"6":1,"7":1,"8":1,"9":1,"10":1,"11":1,"12":1,"13":1,"14":0,"15":0},"f":{"0":1,"1":0,"2":0},"b":{"0":[1,0],"1":[1,0]},"_coverageSchema":"1a1c01bbd47fc00a2c39e90264f33305004495a9","hash":"0d3299e02a4e723306770ffa50d1715677c9510e"}
,"/Users/hari/Documents/Mobile_App_Dev/WebTech/PatientCareNode/controller/patientController.js": {"path":"/Users/hari/Documents/Mobile_App_Dev/WebTech/PatientCareNode/controller/patientController.js","statementMap":{"0":{"start":{"line":5,"column":19},"end":{"line":13,"column":1}},"1":{"start":{"line":6,"column":2},"end":{"line":12,"column":3}},"2":{"start":{"line":7,"column":20},"end":{"line":7,"column":41}},"3":{"start":{"line":8,"column":4},"end":{"line":8,"column":25}},"4":{"start":{"line":9,"column":4},"end":{"line":9,"column":34}},"5":{"start":{"line":11,"column":4},"end":{"line":11,"column":51}},"6":{"start":{"line":16,"column":22},"end":{"line":31,"column":1}},"7":{"start":{"line":17,"column":2},"end":{"line":30,"column":3}},"8":{"start":{"line":18,"column":19},"end":{"line":18,"column":29}},"9":{"start":{"line":19,"column":24},"end":{"line":19,"column":32}},"10":{"start":{"line":21,"column":20},"end":{"line":21,"column":83}},"11":{"start":{"line":23,"column":4},"end":{"line":25,"column":5}},"12":{"start":{"line":24,"column":6},"end":{"line":24,"column":68}},"13":{"start":{"line":27,"column":4},"end":{"line":27,"column":22}},"14":{"start":{"line":29,"column":4},"end":{"line":29,"column":51}},"15":{"start":{"line":34,"column":23},"end":{"line":41,"column":1}},"16":{"start":{"line":35,"column":2},"end":{"line":40,"column":3}},"17":{"start":{"line":36,"column":21},"end":{"line":36,"column":41}},"18":{"start":{"line":37,"column":4},"end":{"line":37,"column":23}},"19":{"start":{"line":39,"column":4},"end":{"line":39,"column":51}},"20":{"start":{"line":44,"column":23},"end":{"line":52,"column":1}},"21":{"start":{"line":45,"column":2},"end":{"line":51,"column":3}},"22":{"start":{"line":46,"column":20},"end":{"line":46,"column":57}},"23":{"start":{"line":47,"column":4},"end":{"line":47,"column":80}},"24":{"start":{"line":47,"column":18},"end":{"line":47,"column":80}},"25":{"start":{"line":48,"column":4},"end":{"line":48,"column":22}},"26":{"start":{"line":50,"column":4},"end":{"line":50,"column":51}},"27":{"start":{"line":54,"column":22},"end":{"line":71,"column":1}},"28":{"start":{"line":55,"column":2},"end":{"line":70,"column":3}},"29":{"start":{"line":56,"column":19},"end":{"line":56,"column":29}},"30":{"start":{"line":59,"column":27},"end":{"line":59,"column":62}},"31":{"start":{"line":62,"column":4},"end":{"line":64,"column":5}},"32":{"start":{"line":63,"column":6},"end":{"line":63,"column":68}},"33":{"start":{"line":67,"column":4},"end":{"line":67,"column":86}},"34":{"start":{"line":69,"column":4},"end":{"line":69,"column":51}},"35":{"start":{"line":73,"column":26},"end":{"line":89,"column":1}},"36":{"start":{"line":74,"column":2},"end":{"line":88,"column":3}},"37":{"start":{"line":75,"column":17},"end":{"line":79,"column":6}},"38":{"start":{"line":80,"column":4},"end":{"line":80,"column":22}},"39":{"start":{"line":83,"column":4},"end":{"line":83,"column":56}},"40":{"start":{"line":85,"column":4},"end":{"line":85,"column":31}},"41":{"start":{"line":87,"column":4},"end":{"line":87,"column":51}},"42":{"start":{"line":92,"column":27},"end":{"line":99,"column":1}},"43":{"start":{"line":93,"column":2},"end":{"line":98,"column":3}},"44":{"start":{"line":94,"column":18},"end":{"line":94,"column":82}},"45":{"start":{"line":95,"column":4},"end":{"line":95,"column":20}},"46":{"start":{"line":97,"column":4},"end":{"line":97,"column":51}},"47":{"start":{"line":102,"column":26},"end":{"line":118,"column":1}},"48":{"start":{"line":103,"column":2},"end":{"line":117,"column":3}},"49":{"start":{"line":104,"column":20},"end":{"line":104,"column":57}},"50":{"start":{"line":105,"column":4},"end":{"line":105,"column":80}},"51":{"start":{"line":105,"column":18},"end":{"line":105,"column":80}},"52":{"start":{"line":107,"column":18},"end":{"line":107,"column":82}},"53":{"start":{"line":109,"column":20},"end":{"line":112,"column":5}},"54":{"start":{"line":114,"column":4},"end":{"line":114,"column":22}},"55":{"start":{"line":116,"column":4},"end":{"line":116,"column":51}},"56":{"start":{"line":121,"column":28},"end":{"line":128,"column":1}},"57":{"start":{"line":122,"column":2},"end":{"line":127,"column":3}},"58":{"start":{"line":123,"column":29},"end":{"line":123,"column":76}},"59":{"start":{"line":124,"column":4},"end":{"line":124,"column":31}},"60":{"start":{"line":126,"column":4},"end":{"line":126,"column":51}},"61":{"start":{"line":131,"column":39},"end":{"line":161,"column":1}},"62":{"start":{"line":132,"column":22},"end":{"line":132,"column":91}},"63":{"start":{"line":134,"column":2},"end":{"line":160,"column":3}},"64":{"start":{"line":135,"column":23},"end":{"line":135,"column":37}},"65":{"start":{"line":136,"column":21},"end":{"line":136,"column":26}},"66":{"start":{"line":139,"column":4},"end":{"line":156,"column":5}},"67":{"start":{"line":141,"column":38},"end":{"line":141,"column":77}},"68":{"start":{"line":142,"column":8},"end":{"line":142,"column":90}},"69":{"start":{"line":143,"column":8},"end":{"line":143,"column":14}},"70":{"start":{"line":145,"column":21},"end":{"line":145,"column":45}},"71":{"start":{"line":146,"column":8},"end":{"line":146,"column":44}},"72":{"start":{"line":147,"column":8},"end":{"line":147,"column":14}},"73":{"start":{"line":149,"column":28},"end":{"line":149,"column":52}},"74":{"start":{"line":150,"column":8},"end":{"line":150,"column":38}},"75":{"start":{"line":151,"column":8},"end":{"line":151,"column":14}},"76":{"start":{"line":153,"column":26},"end":{"line":153,"column":50}},"77":{"start":{"line":154,"column":8},"end":{"line":154,"column":55}},"78":{"start":{"line":155,"column":8},"end":{"line":155,"column":14}},"79":{"start":{"line":159,"column":4},"end":{"line":159,"column":82}}},"fnMap":{"0":{"name":"(anonymous_0)","decl":{"start":{"line":5,"column":19},"end":{"line":5,"column":20}},"loc":{"start":{"line":5,"column":39},"end":{"line":13,"column":1}},"line":5},"1":{"name":"(anonymous_1)","decl":{"start":{"line":16,"column":22},"end":{"line":16,"column":23}},"loc":{"start":{"line":16,"column":42},"end":{"line":31,"column":1}},"line":16},"2":{"name":"(anonymous_2)","decl":{"start":{"line":34,"column":23},"end":{"line":34,"column":24}},"loc":{"start":{"line":34,"column":43},"end":{"line":41,"column":1}},"line":34},"3":{"name":"(anonymous_3)","decl":{"start":{"line":44,"column":23},"end":{"line":44,"column":24}},"loc":{"start":{"line":44,"column":43},"end":{"line":52,"column":1}},"line":44},"4":{"name":"(anonymous_4)","decl":{"start":{"line":54,"column":22},"end":{"line":54,"column":23}},"loc":{"start":{"line":54,"column":42},"end":{"line":71,"column":1}},"line":54},"5":{"name":"(anonymous_5)","decl":{"start":{"line":73,"column":26},"end":{"line":73,"column":27}},"loc":{"start":{"line":73,"column":46},"end":{"line":89,"column":1}},"line":73},"6":{"name":"(anonymous_6)","decl":{"start":{"line":92,"column":27},"end":{"line":92,"column":28}},"loc":{"start":{"line":92,"column":47},"end":{"line":99,"column":1}},"line":92},"7":{"name":"(anonymous_7)","decl":{"start":{"line":102,"column":26},"end":{"line":102,"column":27}},"loc":{"start":{"line":102,"column":46},"end":{"line":118,"column":1}},"line":102},"8":{"name":"(anonymous_8)","decl":{"start":{"line":121,"column":28},"end":{"line":121,"column":29}},"loc":{"start":{"line":121,"column":48},"end":{"line":128,"column":1}},"line":121},"9":{"name":"(anonymous_9)","decl":{"start":{"line":131,"column":39},"end":{"line":131,"column":40}},"loc":{"start":{"line":131,"column":60},"end":{"line":161,"column":1}},"line":131}},"branchMap":{"0":{"loc":{"start":{"line":23,"column":4},"end":{"line":25,"column":5}},"type":"if","locations":[{"start":{"line":23,"column":4},"end":{"line":25,"column":5}},{"start":{},"end":{}}],"line":23},"1":{"loc":{"start":{"line":47,"column":4},"end":{"line":47,"column":80}},"type":"if","locations":[{"start":{"line":47,"column":4},"end":{"line":47,"column":80}},{"start":{},"end":{}}],"line":47},"2":{"loc":{"start":{"line":62,"column":4},"end":{"line":64,"column":5}},"type":"if","locations":[{"start":{"line":62,"column":4},"end":{"line":64,"column":5}},{"start":{},"end":{}}],"line":62},"3":{"loc":{"start":{"line":105,"column":4},"end":{"line":105,"column":80}},"type":"if","locations":[{"start":{"line":105,"column":4},"end":{"line":105,"column":80}},{"start":{},"end":{}}],"line":105},"4":{"loc":{"start":{"line":134,"column":2},"end":{"line":160,"column":3}},"type":"if","locations":[{"start":{"line":134,"column":2},"end":{"line":160,"column":3}},{"start":{},"end":{}}],"line":134},"5":{"loc":{"start":{"line":139,"column":4},"end":{"line":156,"column":5}},"type":"switch","locations":[{"start":{"line":140,"column":6},"end":{"line":143,"column":14}},{"start":{"line":144,"column":6},"end":{"line":147,"column":14}},{"start":{"line":148,"column":6},"end":{"line":151,"column":14}},{"start":{"line":152,"column":6},"end":{"line":155,"column":14}}],"line":139},"6":{"loc":{"start":{"line":142,"column":21},"end":{"line":142,"column":89}},"type":"binary-expr","locations":[{"start":{"line":142,"column":21},"end":{"line":142,"column":35}},{"start":{"line":142,"column":39},"end":{"line":142,"column":52}},{"start":{"line":142,"column":56},"end":{"line":142,"column":71}},{"start":{"line":142,"column":75},"end":{"line":142,"column":89}}],"line":142},"7":{"loc":{"start":{"line":146,"column":21},"end":{"line":146,"column":43}},"type":"binary-expr","locations":[{"start":{"line":146,"column":21},"end":{"line":146,"column":30}},{"start":{"line":146,"column":34},"end":{"line":146,"column":43}}],"line":146},"8":{"loc":{"start":{"line":154,"column":21},"end":{"line":154,"column":54}},"type":"binary-expr","locations":[{"start":{"line":154,"column":21},"end":{"line":154,"column":36}},{"start":{"line":154,"column":40},"end":{"line":154,"column":54}}],"line":154}},"s":{"0":2,"1":5,"2":5,"3":5,"4":5,"5":0,"6":2,"7":0,"8":0,"9":0,"10":0,"11":0,"12":0,"13":0,"14":0,"15":2,"16":2,"17":2,"18":2,"19":0,"20":2,"21":2,"22":2,"23":2,"24":0,"25":2,"26":0,"27":2,"28":0,"29":0,"30":0,"31":0,"32":0,"33":0,"34":0,"35":2,"36":3,"37":3,"38":3,"39":3,"40":2,"41":1,"42":2,"43":2,"44":2,"45":2,"46":0,"47":2,"48":1,"49":1,"50":1,"51":0,"52":1,"53":1,"54":1,"55":0,"56":2,"57":1,"58":1,"59":1,"60":0,"61":2,"62":3,"63":2,"64":2,"65":2,"66":2,"67":1,"68":1,"69":1,"70":1,"71":1,"72":1,"73":0,"74":0,"75":0,"76":0,"77":0,"78":0,"79":2},"f":{"0":5,"1":0,"2":2,"3":2,"4":0,"5":3,"6":2,"7":1,"8":1,"9":3},"b":{"0":[0,0],"1":[0,2],"2":[0,0],"3":[0,1],"4":[2,0],"5":[1,1,0,0],"6":[1,1,1,1],"7":[1,1],"8":[0,0]},"_coverageSchema":"1a1c01bbd47fc00a2c39e90264f33305004495a9","hash":"f095e201c3caa4d0bb17825a7d81802c6df746d3"}
,"/Users/hari/Documents/Mobile_App_Dev/WebTech/PatientCareNode/model/patientModel.js": {"path":"/Users/hari/Documents/Mobile_App_Dev/WebTech/PatientCareNode/model/patientModel.js","statementMap":{"0":{"start":{"line":4,"column":22},"end":{"line":14,"column":2}}},"fnMap":{},"branchMap":{},"s":{"0":2},"f":{},"b":{},"_coverageSchema":"1a1c01bbd47fc00a2c39e90264f33305004495a9","hash":"f92e63908e03ebde6052c05e83383e32d828a6dc"}
,"/Users/hari/Documents/Mobile_App_Dev/WebTech/PatientCareNode/model/testsModel.js": {"path":"/Users/hari/Documents/Mobile_App_Dev/WebTech/PatientCareNode/model/testsModel.js","statementMap":{"0":{"start":{"line":4,"column":19},"end":{"line":20,"column":2}}},"fnMap":{},"branchMap":{},"s":{"0":2},"f":{},"b":{},"_coverageSchema":"1a1c01bbd47fc00a2c39e90264f33305004495a9","hash":"14e9e84b655fdbb0ea2c415dfc810d9680fec819"}
,"/Users/hari/Documents/Mobile_App_Dev/WebTech/PatientCareNode/routes/patientRoutes.js": {"path":"/Users/hari/Documents/Mobile_App_Dev/WebTech/PatientCareNode/routes/patientRoutes.js","statementMap":{"0":{"start":{"line":14,"column":15},"end":{"line":14,"column":31}},"1":{"start":{"line":95,"column":0},"end":{"line":95,"column":37}},"2":{"start":{"line":113,"column":0},"end":{"line":113,"column":40}},"3":{"start":{"line":143,"column":0},"end":{"line":143,"column":43}},"4":{"start":{"line":161,"column":0},"end":{"line":161,"column":54}},"5":{"start":{"line":186,"column":0},"end":{"line":186,"column":44}},"6":{"start":{"line":217,"column":0},"end":{"line":217,"column":46}},"7":{"start":{"line":250,"column":0},"end":{"line":250,"column":54}},"8":{"start":{"line":277,"column":0},"end":{"line":277,"column":54}},"9":{"start":{"line":309,"column":0},"end":{"line":309,"column":55}}},"fnMap":{},"branchMap":{},"s":{"0":1,"1":1,"2":1,"3":1,"4":1,"5":1,"6":1,"7":1,"8":1,"9":1},"f":{},"b":{},"_coverageSchema":"1a1c01bbd47fc00a2c39e90264f33305004495a9","hash":"966c4da6d686c1179b0a3a40d1573fc5851a01ac"}
}
