TN:
SF:index.js
FN:56,(anonymous_0)
FN:58,(anonymous_1)
FN:62,(anonymous_2)
FNF:3
FNH:1
FNDA:1,(anonymous_0)
FNDA:0,(anonymous_1)
FNDA:0,(anonymous_2)
DA:11,1
DA:14,1
DA:17,1
DA:18,1
DA:21,1
DA:35,1
DA:41,1
DA:44,1
DA:48,1
DA:51,1
DA:52,1
DA:55,1
DA:57,1
DA:58,1
DA:59,0
DA:63,0
LF:16
LH:14
BRDA:30,0,0,1
BRDA:30,0,1,0
BRDA:51,1,0,1
BRDA:51,1,1,0
BRF:4
BRH:2
end_of_record
TN:
SF:controller/patientController.js
FN:5,(anonymous_0)
FN:16,(anonymous_1)
FN:34,(anonymous_2)
FN:44,(anonymous_3)
FN:54,(anonymous_4)
FN:73,(anonymous_5)
FN:92,(anonymous_6)
FN:102,(anonymous_7)
FN:121,(anonymous_8)
FN:131,(anonymous_9)
FNF:10
FNH:8
FNDA:5,(anonymous_0)
FNDA:0,(anonymous_1)
FNDA:2,(anonymous_2)
FNDA:2,(anonymous_3)
FNDA:0,(anonymous_4)
FNDA:3,(anonymous_5)
FNDA:2,(anonymous_6)
FNDA:1,(anonymous_7)
FNDA:1,(anonymous_8)
FNDA:3,(anonymous_9)
DA:5,2
DA:6,5
DA:7,5
DA:8,5
DA:9,5
DA:11,0
DA:16,2
DA:17,0
DA:18,0
DA:19,0
DA:21,0
DA:23,0
DA:24,0
DA:27,0
DA:29,0
DA:34,2
DA:35,2
DA:36,2
DA:37,2
DA:39,0
DA:44,2
DA:45,2
DA:46,2
DA:47,2
DA:48,2
DA:50,0
DA:54,2
DA:55,0
DA:56,0
DA:59,0
DA:62,0
DA:63,0
DA:67,0
DA:69,0
DA:73,2
DA:74,3
DA:75,3
DA:80,3
DA:83,3
DA:85,2
DA:87,1
DA:92,2
DA:93,2
DA:94,2
DA:95,2
DA:97,0
DA:102,2
DA:103,1
DA:104,1
DA:105,1
DA:107,1
DA:109,1
DA:114,1
DA:116,0
DA:121,2
DA:122,1
DA:123,1
DA:124,1
DA:126,0
DA:131,2
DA:132,3
DA:134,2
DA:135,2
DA:136,2
DA:139,2
DA:141,1
DA:142,1
DA:143,1
DA:145,1
DA:146,1
DA:147,1
DA:149,0
DA:150,0
DA:151,0
DA:153,0
DA:154,0
DA:155,0
DA:159,2
LF:78
LH:51
BRDA:23,0,0,0
BRDA:23,0,1,0
BRDA:47,1,0,0
BRDA:47,1,1,2
BRDA:62,2,0,0
BRDA:62,2,1,0
BRDA:105,3,0,0
BRDA:105,3,1,1
BRDA:134,4,0,2
BRDA:134,4,1,0
BRDA:139,5,0,1
BRDA:139,5,1,1
BRDA:139,5,2,0
BRDA:139,5,3,0
BRDA:142,6,0,1
BRDA:142,6,1,1
BRDA:142,6,2,1
BRDA:142,6,3,1
BRDA:146,7,0,1
BRDA:146,7,1,1
BRDA:154,8,0,0
BRDA:154,8,1,0
BRF:22
BRH:11
end_of_record
TN:
SF:model/patientModel.js
FNF:0
FNH:0
DA:4,2
LF:1
LH:1
BRF:0
BRH:0
end_of_record
TN:
SF:model/testsModel.js
FNF:0
FNH:0
DA:4,2
LF:1
LH:1
BRF:0
BRH:0
end_of_record
TN:
SF:routes/patientRoutes.js
FNF:0
FNH:0
DA:14,1
DA:95,1
DA:113,1
DA:143,1
DA:161,1
DA:186,1
DA:217,1
DA:250,1
DA:277,1
DA:309,1
LF:10
LH:10
BRF:0
BRH:0
end_of_record
